./abyss.ent:5273:"classname" "info_autoscreenshot"
./abyss.ent:5278:"classname" "info_autoscreenshot"
./abyss.ent:5283:"classname" "info_autoscreenshot"
./atomforge.ent:1517:"classname" "info_autoscreenshot"
./atomforge.ent:1522:"classname" "info_autoscreenshot"
./atomforge.ent:1527:"classname" "info_autoscreenshot"
./bloodprison_xon_r2.ent:434:"classname" "info_autoscreenshot"
./bromine.ent:27:"classname" "info_autoscreenshot"
./bromine.ent:174:"classname" "info_autoscreenshot"
./bromine.ent:2731:"classname" "info_autoscreenshot"
./bromine_a2.ent:31:"classname" "info_autoscreenshot"
./bromine_a2.ent:36:"classname" "info_autoscreenshot"
./canterlot.ent:101:"classname" "info_autoscreenshot"
./canterlot_v004.ent:97:"classname" "info_autoscreenshot"
./catharsis.ent:1499:"classname" "info_autoscreenshot"
./catharsis.ent:1504:"classname" "info_autoscreenshot"
./catharsis.ent:1509:"classname" "info_autoscreenshot"
./clockwork_v001.ent:348:"classname" "info_autoscreenshot"
./clockwork_v001.ent:514:"classname" "info_autoscreenshot"
./clockwork_v001.ent:845:"classname" "info_autoscreenshot"
./clockwork_v001.ent:850:"classname" "info_autoscreenshot"
./courtfun.ent:4321:"classname" "info_autoscreenshot"
./courtfun.ent:4326:"classname" "info_autoscreenshot"
./courtfun.ent:4331:"classname" "info_autoscreenshot"
./dance-fixed.ent:1634:"classname" "info_autoscreenshot"
./dance-fixed.ent:1699:"classname" "info_autoscreenshot"
./dance-fixed.ent:1704:"classname" "info_autoscreenshot"
./dance_full.ent:1634:"classname" "info_autoscreenshot"
./dance_full.ent:1699:"classname" "info_autoscreenshot"
./dance_full.ent:1704:"classname" "info_autoscreenshot"
./dance_fixed.ent:1889:"classname" "info_autoscreenshot"
./darkzone.ent:1640:"classname" "info_autoscreenshot"
./darkzone.ent:1645:"classname" "info_autoscreenshot"
./darkzone.ent:1650:"classname" "info_autoscreenshot"
./darkzone_qw_b2.ent:1487:"classname" "info_autoscreenshot"
./darkzone_qw_b2.ent:1492:"classname" "info_autoscreenshot"
./darkzone_qw_b2.ent:1497:"classname" "info_autoscreenshot"
./drain.ent:298:"classname" "info_autoscreenshot"
./drain.ent:556:"classname" "info_autoscreenshot"
./drain.ent:561:"classname" "info_autoscreenshot"
./duster-r2.ent:716:"classname" "info_autoscreenshot"
./duster-r2.ent:730:"classname" "info_autoscreenshot"
./duster_mod.ent:534:"classname" "info_autoscreenshot"
./duster_mod.ent:548:"classname" "info_autoscreenshot"
./fe26.ent:336:"classname" "info_autoscreenshot"
./finalrage.ent:950:"classname" "info_autoscreenshot"
./finalrage.ent:955:"classname" "info_autoscreenshot"
./finalrage.ent:960:"classname" "info_autoscreenshot"
./glowplant_full.ent:1250:"classname" "info_autoscreenshot"
./glowplant_full.ent:1255:"classname" "info_autoscreenshot"
./glowplant_full.ent:1260:"classname" "info_autoscreenshot"
./glowplant_full.ent:1265:"classname" "info_autoscreenshot"
./glowplant_full.ent:1270:"classname" "info_autoscreenshot"
./glowplant_full.ent:1275:"classname" "info_autoscreenshot"
./grudge.ent:154:"classname" "info_autoscreenshot"
./grudge.ent:180:"classname" "info_autoscreenshot"
./grudge.ent:244:"classname" "info_autoscreenshot"
./huq_v1.ent:116:"classname" "info_autoscreenshot"
./hydroxon.ent:357:"classname" "info_autoscreenshot"
./hydroxon.ent:699:"classname" "info_autoscreenshot"
./hydroxon-r2.ent:357:"classname" "info_autoscreenshot"
./hydroxon-r2.ent:699:"classname" "info_autoscreenshot"
./implosion_low.ent:910:"classname" "info_autoscreenshot"
./huq.ent:120:"classname" "info_autoscreenshot"
./huq_mod.ent:120:"classname" "info_autoscreenshot"
./kwadraty_v1r1.ent:408:"classname" "info_autoscreenshot"
./lethargy.ent:439:"classname" "info_autoscreenshot"
./lethargy.ent:444:"classname" "info_autoscreenshot"
./lethargy.ent:449:"classname" "info_autoscreenshot"
./lightspeed.ent:1104:"classname" "info_autoscreenshot"
./lightspeed.ent:1109:"classname" "info_autoscreenshot"
./lightspeed.ent:1114:"classname" "info_autoscreenshot"
./luminar.ent:231:"classname" "info_autoscreenshot"
./luminar.ent:241:"classname" "info_autoscreenshot"
./luminar.ent:479:"classname" "info_autoscreenshot"
./red-planet_xon.ent:4425:"classname" "info_autoscreenshot"
./red-planet_xon.ent:4430:"classname" "info_autoscreenshot"
./red-planet_xon.ent:4435:"classname" "info_autoscreenshot"
./mineduel.ent:373:"classname" "info_autoscreenshot"
./mineduel.ent:378:"classname" "info_autoscreenshot"
./minigrudge.ent:211:"classname" "info_autoscreenshot"
./minigrudge.ent:237:"classname" "info_autoscreenshot"
./minigrudge.ent:313:"classname" "info_autoscreenshot"
./newtonian-nightmare.ent:1650:"classname" "info_autoscreenshot"
./newtonian-nightmare.ent:1655:"classname" "info_autoscreenshot"
./newtonian-nightmare.ent:1660:"classname" "info_autoscreenshot"
./nexballarena.ent:342:"classname" "info_autoscreenshot"
./pluvial_test3.ent:57:"classname" "info_autoscreenshot"
./red-planet.ent:4425:"classname" "info_autoscreenshot"
./red-planet.ent:4430:"classname" "info_autoscreenshot"
./red-planet.ent:4435:"classname" "info_autoscreenshot"
./spacehockey.ent:2454:"classname" "info_autoscreenshot"
./spacehockey.ent:2691:"classname" "info_autoscreenshot"
./spacehockey.ent:2706:"classname" "info_autoscreenshot"
./spacehockey.ent:2716:"classname" "info_autoscreenshot"
./station-x.ent:1071:"classname" "info_autoscreenshot"
./trident.ent:227:"classname" "info_autoscreenshot"
./trident.ent:298:"classname" "info_autoscreenshot"
./trident.ent:303:"classname" "info_autoscreenshot"
./trident_xon.ent:227:"classname" "info_autoscreenshot"
./trident_xon.ent:298:"classname" "info_autoscreenshot"
./trident_xon.ent:303:"classname" "info_autoscreenshot"
./unsealedtrial3.ent:943:"classname" "info_autoscreenshot"
./unsealedtrial3.ent:948:"classname" "info_autoscreenshot"
./unsealedtrial3.ent:953:"classname" "info_autoscreenshot"
./unsealedtrial3_full-vehicles.ent:943:"classname" "info_autoscreenshot"
./unsealedtrial3_full-vehicles.ent:948:"classname" "info_autoscreenshot"
./unsealedtrial3_full-vehicles.ent:953:"classname" "info_autoscreenshot"
./vociferous_alpha.ent:241:"classname" "info_autoscreenshot"
./vorix.ent:2600:"classname" "info_autoscreenshot"
./vorix.ent:2605:"classname" "info_autoscreenshot"
./vorix.ent:2610:"classname" "info_autoscreenshot"
./vorix_v3.ent:2600:"classname" "info_autoscreenshot"
./vorix_v3.ent:2605:"classname" "info_autoscreenshot"
./vorix_v3.ent:2610:"classname" "info_autoscreenshot"
./warfare.ent:1325:"classname" "info_autoscreenshot"
./warfare_plants.ent:1325:"classname" "info_autoscreenshot"
./warfare_v4.ent:594:"classname" "info_autoscreenshot"
./xoylent_ctf.ent:3558:"classname" "info_autoscreenshot"
./xoylent_ctf.ent:3563:"classname" "info_autoscreenshot"
./xoylent_ctf.ent:3568:"classname" "info_autoscreenshot"
./zenith.ent:405:"classname" "info_autoscreenshot"
./boil.ent:390:"classname" "info_autoscreenshot"
./boil.ent:395:"classname" "info_autoscreenshot"
./boil.ent:400:"classname" "info_autoscreenshot"
./duster-r2_nex.ent:716:"classname" "info_autoscreenshot"
./duster-r2_nex.ent:730:"classname" "info_autoscreenshot"
./duster-remix.ent:976:"classname" "info_autoscreenshot"
./duster-remix.ent:992:"classname" "info_autoscreenshot"
./elevator.ent:187:"classname" "info_autoscreenshot"
./elevator.ent:191:"classname" "info_autoscreenshot"
./elevator.ent:195:"classname" "info_autoscreenshot"
./graphite_b1.ent:230:"classname" "info_autoscreenshot"
./graphite_b1.ent:235:"classname" "info_autoscreenshot"
./graphite_b1.ent:240:"classname" "info_autoscreenshot"
./loo.ent:857:"classname" "info_autoscreenshot"
./spleef.ent:6316:"classname" "info_autoscreenshot"
./spleef.ent:6400:"classname" "info_autoscreenshot"
./traprace_a1.ent:401:"classname" "info_autoscreenshot"
./unsealed.ent:1207:"classname" "info_autoscreenshot"
./unsealed.ent:1212:"classname" "info_autoscreenshot"
./unsealed.ent:1217:"classname" "info_autoscreenshot"
